Hit:1 http://mirror.cov.ukservers.com/ubuntu jammy InRelease
Hit:3 http://nginx.org/packages/ubuntu jammy InRelease
Hit:4 https://dl.google.com/linux/chrome/deb stable InRelease
Hit:5 https://ppa.launchpadcontent.net/ondrej/php/ubuntu jammy InRelease
Ign:6 https://pkg.jenkins.io/debian-stable binary/ InRelease
Hit:7 http://mirror.cov.ukservers.com/ubuntu jammy-updates InRelease
Hit:8 https://download.docker.com/linux/ubuntu jammy InRelease
Hit:9 https://pkg.jenkins.io/debian-stable binary/ Release
Hit:10 https://apt.releases.hashicorp.com jammy InRelease
Hit:11 http://mirror.cov.ukservers.com/ubuntu jammy-backports InRelease
Hit:12 https://ppa.launchpadcontent.net/openjdk-r/ppa/ubuntu jammy InRelease
Get:13 https://baltocdn.com/helm/stable/debian all InRelease [7,652 B]
Ign:15 https://packagecloud.io/golang-migrate/migrate/ubuntu jammy InRelease
Hit:16 http://mirror.cov.ukservers.com/ubuntu jammy-security InRelease
Err:17 https://packagecloud.io/golang-migrate/migrate/ubuntu jammy Release
  404  Not Found [IP: 52.53.39.61 443]
Hit:2 https://packages.cloud.google.com/apt kubernetes-xenial InRelease
Err:13 https://baltocdn.com/helm/stable/debian all InRelease
  The following signatures couldn't be verified because the public key is not available: NO_PUBKEY 294AC4827C1A168A
Hit:18 https://ppa.launchpadcontent.net/pjbroad/ppa/ubuntu jammy InRelease
Hit:19 https://ppa.launchpadcontent.net/ubuntuhandbook1/avidemux/ubuntu jammy InRelease
Reading package lists...
Reading package lists...
Building dependency tree...
Reading state information...
ca-certificates is already the newest version (20211016).
lsb-release is already the newest version (11.1.0ubuntu4).
software-properties-common is already the newest version (0.99.22.3).
apt-transport-https is already the newest version (2.4.8).
0 upgraded, 0 newly installed, 0 to remove and 48 not upgraded.
Error: must run as root
All settings correct for using Composer
Downloading...

Composer (version 2.4.4) successfully installed to: /home/david/Desktop/AltSchool/2ndSemesterExam/composer.phar
Use it: php composer.phar

Reading package lists...
Building dependency tree...
Reading state information...
postgresql is already the newest version (14+238).
postgresql-contrib is already the newest version (14+238).
apache2 is already the newest version (2.4.52-1ubuntu4.1).
git is already the newest version (1:2.34.1-1ubuntu1.5).
php8.1-curl is already the newest version (8.1.12-1+ubuntu22.04.1+deb.sury.org+1).
php8.1-pgsql is already the newest version (8.1.12-1+ubuntu22.04.1+deb.sury.org+1).
php8.1-xml is already the newest version (8.1.12-1+ubuntu22.04.1+deb.sury.org+1).
0 upgraded, 0 newly installed, 0 to remove and 48 not upgraded.
Hit:1 http://nginx.org/packages/ubuntu jammy InRelease
Hit:2 http://mirror.cov.ukservers.com/ubuntu jammy InRelease
Hit:3 https://dl.google.com/linux/chrome/deb stable InRelease
Hit:4 https://ppa.launchpadcontent.net/ondrej/php/ubuntu jammy InRelease
Ign:6 https://pkg.jenkins.io/debian-stable binary/ InRelease
Hit:7 https://download.docker.com/linux/ubuntu jammy InRelease
Hit:8 https://apt.releases.hashicorp.com jammy InRelease
Hit:9 http://mirror.cov.ukservers.com/ubuntu jammy-updates InRelease
Hit:10 https://pkg.jenkins.io/debian-stable binary/ Release
Hit:11 https://ppa.launchpadcontent.net/openjdk-r/ppa/ubuntu jammy InRelease
Hit:12 http://mirror.cov.ukservers.com/ubuntu jammy-backports InRelease
Ign:13 https://packagecloud.io/golang-migrate/migrate/ubuntu jammy InRelease
Hit:15 http://mirror.cov.ukservers.com/ubuntu jammy-security InRelease
Get:16 https://baltocdn.com/helm/stable/debian all InRelease [7,652 B]
Hit:5 https://packages.cloud.google.com/apt kubernetes-xenial InRelease
Err:17 https://packagecloud.io/golang-migrate/migrate/ubuntu jammy Release
  404  Not Found [IP: 52.53.39.61 443]
Hit:18 https://ppa.launchpadcontent.net/pjbroad/ppa/ubuntu jammy InRelease
Err:16 https://baltocdn.com/helm/stable/debian all InRelease
  The following signatures couldn't be verified because the public key is not available: NO_PUBKEY 294AC4827C1A168A
Hit:19 https://ppa.launchpadcontent.net/ubuntuhandbook1/avidemux/ubuntu jammy InRelease
Reading package lists...
â— apache2.service - The Apache HTTP Server
     Loaded: loaded (/lib/systemd/system/apache2.service; disabled; vendor preset: enabled)
     Active: active (running) since Mon 2022-10-31 11:24:22 WAT; 29min ago
       Docs: https://httpd.apache.org/docs/2.4/
    Process: 63743 ExecStart=/usr/sbin/apachectl start (code=exited, status=0/SUCCESS)
   Main PID: 63762 (apache2)
      Tasks: 7 (limit: 9306)
     Memory: 36.4M
        CPU: 450ms
     CGroup: /system.slice/apache2.service
             â”œâ”€63762 /usr/sbin/apache2 -k start
             â”œâ”€63775 /usr/sbin/apache2 -k start
             â”œâ”€63776 /usr/sbin/apache2 -k start
             â”œâ”€63777 /usr/sbin/apache2 -k start
             â”œâ”€63778 /usr/sbin/apache2 -k start
             â”œâ”€63779 /usr/sbin/apache2 -k start
             â””â”€63951 /usr/sbin/apache2 -k start

Oct 31 11:24:22 EliteBook systemd[1]: Starting The Apache HTTP Server...
Oct 31 11:24:22 EliteBook apachectl[63746]: AH00112: Warning: DocumentRoot [/var/www/html/myapp/public] does not exist
Oct 31 11:24:22 EliteBook apachectl[63746]: AH00558: apache2: Could not reliably determine the server's fully qualified domain name, using 127.0.1.1. Set the 'ServerName' directive globally to suppress this message
Oct 31 11:24:22 EliteBook systemd[1]: Started The Apache HTTP Server.
Skipping adding existing rule
Skipping adding existing rule (v6)
â— postgresql.service - PostgreSQL RDBMS
     Loaded: loaded (/lib/systemd/system/postgresql.service; enabled; vendor preset: enabled)
     Active: active (exited) since Mon 2022-10-31 08:12:09 WAT; 3h 41min ago
   Main PID: 1841 (code=exited, status=0/SUCCESS)
        CPU: 1ms

Oct 31 08:12:09 EliteBook systemd[1]: Starting PostgreSQL RDBMS...
Oct 31 08:12:09 EliteBook systemd[1]: Finished PostgreSQL RDBMS.
Initialized empty Git repository in /home/david/AltExam/.git/

  [37;44m INFO [39;49m Discovering packages.  

  barryvdh/laravel-ide-helper [90m.[39m[90m.[39m[90m.[39m[90m.[39m[90m.[39m[90m.[39m[90m.[39m[90m.[39m[90m.[39m[90m.[39m[90m.[39m[90m.[39m[90m.[39m[90m.[39m[90m.[39m[90m.[39m[90m.[39m[90m.[39m[90m.[39m[90m.[39m[90m.[39m[90m.[39m[90m.[39m[90m.[39m[90m.[39m[90m.[39m[90m.[39m[90m.[39m[90m.[39m[90m.[39m[90m.[39m[90m.[39m[90m.[39m[90m.[39m[90m.[39m[90m.[39m[90m.[39m[90m.[39m[90m.[39m[90m.[39m[90m.[39m[90m.[39m[90m.[39m [32;1mDONE[39;22m
  darkaonline/l5-swagger [90m.[39m[90m.[39m[90m.[39m[90m.[39m[90m.[39m[90m.[39m[90m.[39m[90m.[39m[90m.[39m[90m.[39m[90m.[39m[90m.[39m[90m.[39m[90m.[39m[90m.[39m[90m.[39m[90m.[39m[90m.[39m[90m.[39m[90m.[39m[90m.[39m[90m.[39m[90m.[39m[90m.[39m[90m.[39m[90m.[39m[90m.[39m[90m.[39m[90m.[39m[90m.[39m[90m.[39m[90m.[39m[90m.[39m[90m.[39m[90m.[39m[90m.[39m[90m.[39m[90m.[39m[90m.[39m[90m.[39m[90m.[39m[90m.[39m[90m.[39m[90m.[39m[90m.[39m[90m.[39m[90m.[39m[90m.[39m [32;1mDONE[39;22m
  laravel/sail [90m.[39m[90m.[39m[90m.[39m[90m.[39m[90m.[39m[90m.[39m[90m.[39m[90m.[39m[90m.[39m[90m.[39m[90m.[39m[90m.[39m[90m.[39m[90m.[39m[90m.[39m[90m.[39m[90m.[39m[90m.[39m[90m.[39m[90m.[39m[90m.[39m[90m.[39m[90m.[39m[90m.[39m[90m.[39m[90m.[39m[90m.[39m[90m.[39m[90m.[39m[90m.[39m[90m.[39m[90m.[39m[90m.[39m[90m.[39m[90m.[39m[90m.[39m[90m.[39m[90m.[39m[90m.[39m[90m.[39m[90m.[39m[90m.[39m[90m.[39m[90m.[39m[90m.[39m[90m.[39m[90m.[39m[90m.[39m[90m.[39m[90m.[39m[90m.[39m[90m.[39m[90m.[39m[90m.[39m[90m.[39m[90m.[39m[90m.[39m[90m.[39m [32;1mDONE[39;22m
  laravel/sanctum [90m.[39m[90m.[39m[90m.[39m[90m.[39m[90m.[39m[90m.[39m[90m.[39m[90m.[39m[90m.[39m[90m.[39m[90m.[39m[90m.[39m[90m.[39m[90m.[39m[90m.[39m[90m.[39m[90m.[39m[90m.[39m[90m.[39m[90m.[39m[90m.[39m[90m.[39m[90m.[39m[90m.[39m[90m.[39m[90m.[39m[90m.[39m[90m.[39m[90m.[39m[90m.[39m[90m.[39m[90m.[39m[90m.[39m[90m.[39m[90m.[39m[90m.[39m[90m.[39m[90m.[39m[90m.[39m[90m.[39m[90m.[39m[90m.[39m[90m.[39m[90m.[39m[90m.[39m[90m.[39m[90m.[39m[90m.[39m[90m.[39m[90m.[39m[90m.[39m[90m.[39m[90m.[39m[90m.[39m[90m.[39m [32;1mDONE[39;22m
  laravel/tinker [90m.[39m[90m.[39m[90m.[39m[90m.[39m[90m.[39m[90m.[39m[90m.[39m[90m.[39m[90m.[39m[90m.[39m[90m.[39m[90m.[39m[90m.[39m[90m.[39m[90m.[39m[90m.[39m[90m.[39m[90m.[39m[90m.[39m[90m.[39m[90m.[39m[90m.[39m[90m.[39m[90m.[39m[90m.[39m[90m.[39m[90m.[39m[90m.[39m[90m.[39m[90m.[39m[90m.[39m[90m.[39m[90m.[39m[90m.[39m[90m.[39m[90m.[39m[90m.[39m[90m.[39m[90m.[39m[90m.[39m[90m.[39m[90m.[39m[90m.[39m[90m.[39m[90m.[39m[90m.[39m[90m.[39m[90m.[39m[90m.[39m[90m.[39m[90m.[39m[90m.[39m[90m.[39m[90m.[39m[90m.[39m[90m.[39m [32;1mDONE[39;22m
  nesbot/carbon [90m.[39m[90m.[39m[90m.[39m[90m.[39m[90m.[39m[90m.[39m[90m.[39m[90m.[39m[90m.[39m[90m.[39m[90m.[39m[90m.[39m[90m.[39m[90m.[39m[90m.[39m[90m.[39m[90m.[39m[90m.[39m[90m.[39m[90m.[39m[90m.[39m[90m.[39m[90m.[39m[90m.[39m[90m.[39m[90m.[39m[90m.[39m[90m.[39m[90m.[39m[90m.[39m[90m.[39m[90m.[39m[90m.[39m[90m.[39m[90m.[39m[90m.[39m[90m.[39m[90m.[39m[90m.[39m[90m.[39m[90m.[39m[90m.[39m[90m.[39m[90m.[39m[90m.[39m[90m.[39m[90m.[39m[90m.[39m[90m.[39m[90m.[39m[90m.[39m[90m.[39m[90m.[39m[90m.[39m[90m.[39m[90m.[39m[90m.[39m [32;1mDONE[39;22m
  nunomaduro/collision [90m.[39m[90m.[39m[90m.[39m[90m.[39m[90m.[39m[90m.[39m[90m.[39m[90m.[39m[90m.[39m[90m.[39m[90m.[39m[90m.[39m[90m.[39m[90m.[39m[90m.[39m[90m.[39m[90m.[39m[90m.[39m[90m.[39m[90m.[39m[90m.[39m[90m.[39m[90m.[39m[90m.[39m[90m.[39m[90m.[39m[90m.[39m[90m.[39m[90m.[39m[90m.[39m[90m.[39m[90m.[39m[90m.[39m[90m.[39m[90m.[39m[90m.[39m[90m.[39m[90m.[39m[90m.[39m[90m.[39m[90m.[39m[90m.[39m[90m.[39m[90m.[39m[90m.[39m[90m.[39m[90m.[39m[90m.[39m[90m.[39m[90m.[39m [32;1mDONE[39;22m
  nunomaduro/termwind [90m.[39m[90m.[39m[90m.[39m[90m.[39m[90m.[39m[90m.[39m[90m.[39m[90m.[39m[90m.[39m[90m.[39m[90m.[39m[90m.[39m[90m.[39m[90m.[39m[90m.[39m[90m.[39m[90m.[39m[90m.[39m[90m.[39m[90m.[39m[90m.[39m[90m.[39m[90m.[39m[90m.[39m[90m.[39m[90m.[39m[90m.[39m[90m.[39m[90m.[39m[90m.[39m[90m.[39m[90m.[39m[90m.[39m[90m.[39m[90m.[39m[90m.[39m[90m.[39m[90m.[39m[90m.[39m[90m.[39m[90m.[39m[90m.[39m[90m.[39m[90m.[39m[90m.[39m[90m.[39m[90m.[39m[90m.[39m[90m.[39m[90m.[39m[90m.[39m [32;1mDONE[39;22m
  spatie/laravel-ignition [90m.[39m[90m.[39m[90m.[39m[90m.[39m[90m.[39m[90m.[39m[90m.[39m[90m.[39m[90m.[39m[90m.[39m[90m.[39m[90m.[39m[90m.[39m[90m.[39m[90m.[39m[90m.[39m[90m.[39m[90m.[39m[90m.[39m[90m.[39m[90m.[39m[90m.[39m[90m.[39m[90m.[39m[90m.[39m[90m.[39m[90m.[39m[90m.[39m[90m.[39m[90m.[39m[90m.[39m[90m.[39m[90m.[39m[90m.[39m[90m.[39m[90m.[39m[90m.[39m[90m.[39m[90m.[39m[90m.[39m[90m.[39m[90m.[39m[90m.[39m[90m.[39m[90m.[39m[90m.[39m[90m.[39m [32;1mDONE[39;22m

phpstan/extension-installer: Extensions installed
> nesbot/carbon: installed
> nunomaduro/larastan: installed
> phpstan/phpstan-phpunit: installed

  [37;44m INFO [39;49m No publishable resources for tag [1m[laravel-assets][22m.  

Exception: No application encryption key has been specified.
Skipping \Illuminate\Support\Facades\Crypt.
Exception: No application encryption key has been specified.
Skipping \Illuminate\Support\Facades\Crypt.
A new helper file was written to _ide_helper.php
Unexpected no document on Illuminate\Database\Eloquent\Model
Wrote expected docblock to /var/www/html/AltExam/vendor/laravel/framework/src/Illuminate/Database/Eloquent/Model.php
A new meta file was written to .phpstorm.meta.php

  [37;44m INFO [39;49m Discovering packages.  

  barryvdh/laravel-ide-helper [90m.[39m[90m.[39m[90m.[39m[90m.[39m[90m.[39m[90m.[39m[90m.[39m[90m.[39m[90m.[39m[90m.[39m[90m.[39m[90m.[39m[90m.[39m[90m.[39m[90m.[39m[90m.[39m[90m.[39m[90m.[39m[90m.[39m[90m.[39m[90m.[39m[90m.[39m[90m.[39m[90m.[39m[90m.[39m[90m.[39m[90m.[39m[90m.[39m[90m.[39m[90m.[39m[90m.[39m[90m.[39m[90m.[39m[90m.[39m[90m.[39m[90m.[39m[90m.[39m[90m.[39m[90m.[39m[90m.[39m[90m.[39m[90m.[39m[90m.[39m [32;1mDONE[39;22m
  darkaonline/l5-swagger [90m.[39m[90m.[39m[90m.[39m[90m.[39m[90m.[39m[90m.[39m[90m.[39m[90m.[39m[90m.[39m[90m.[39m[90m.[39m[90m.[39m[90m.[39m[90m.[39m[90m.[39m[90m.[39m[90m.[39m[90m.[39m[90m.[39m[90m.[39m[90m.[39m[90m.[39m[90m.[39m[90m.[39m[90m.[39m[90m.[39m[90m.[39m[90m.[39m[90m.[39m[90m.[39m[90m.[39m[90m.[39m[90m.[39m[90m.[39m[90m.[39m[90m.[39m[90m.[39m[90m.[39m[90m.[39m[90m.[39m[90m.[39m[90m.[39m[90m.[39m[90m.[39m[90m.[39m[90m.[39m[90m.[39m[90m.[39m [32;1mDONE[39;22m
  laravel/sail [90m.[39m[90m.[39m[90m.[39m[90m.[39m[90m.[39m[90m.[39m[90m.[39m[90m.[39m[90m.[39m[90m.[39m[90m.[39m[90m.[39m[90m.[39m[90m.[39m[90m.[39m[90m.[39m[90m.[39m[90m.[39m[90m.[39m[90m.[39m[90m.[39m[90m.[39m[90m.[39m[90m.[39m[90m.[39m[90m.[39m[90m.[39m[90m.[39m[90m.[39m[90m.[39m[90m.[39m[90m.[39m[90m.[39m[90m.[39m[90m.[39m[90m.[39m[90m.[39m[90m.[39m[90m.[39m[90m.[39m[90m.[39m[90m.[39m[90m.[39m[90m.[39m[90m.[39m[90m.[39m[90m.[39m[90m.[39m[90m.[39m[90m.[39m[90m.[39m[90m.[39m[90m.[39m[90m.[39m[90m.[39m[90m.[39m[90m.[39m[90m.[39m [32;1mDONE[39;22m
  laravel/sanctum [90m.[39m[90m.[39m[90m.[39m[90m.[39m[90m.[39m[90m.[39m[90m.[39m[90m.[39m[90m.[39m[90m.[39m[90m.[39m[90m.[39m[90m.[39m[90m.[39m[90m.[39m[90m.[39m[90m.[39m[90m.[39m[90m.[39m[90m.[39m[90m.[39m[90m.[39m[90m.[39m[90m.[39m[90m.[39m[90m.[39m[90m.[39m[90m.[39m[90m.[39m[90m.[39m[90m.[39m[90m.[39m[90m.[39m[90m.[39m[90m.[39m[90m.[39m[90m.[39m[90m.[39m[90m.[39m[90m.[39m[90m.[39m[90m.[39m[90m.[39m[90m.[39m[90m.[39m[90m.[39m[90m.[39m[90m.[39m[90m.[39m[90m.[39m[90m.[39m[90m.[39m[90m.[39m[90m.[39m[90m.[39m [32;1mDONE[39;22m
  laravel/tinker [90m.[39m[90m.[39m[90m.[39m[90m.[39m[90m.[39m[90m.[39m[90m.[39m[90m.[39m[90m.[39m[90m.[39m[90m.[39m[90m.[39m[90m.[39m[90m.[39m[90m.[39m[90m.[39m[90m.[39m[90m.[39m[90m.[39m[90m.[39m[90m.[39m[90m.[39m[90m.[39m[90m.[39m[90m.[39m[90m.[39m[90m.[39m[90m.[39m[90m.[39m[90m.[39m[90m.[39m[90m.[39m[90m.[39m[90m.[39m[90m.[39m[90m.[39m[90m.[39m[90m.[39m[90m.[39m[90m.[39m[90m.[39m[90m.[39m[90m.[39m[90m.[39m[90m.[39m[90m.[39m[90m.[39m[90m.[39m[90m.[39m[90m.[39m[90m.[39m[90m.[39m[90m.[39m[90m.[39m[90m.[39m[90m.[39m [32;1mDONE[39;22m
  nesbot/carbon [90m.[39m[90m.[39m[90m.[39m[90m.[39m[90m.[39m[90m.[39m[90m.[39m[90m.[39m[90m.[39m[90m.[39m[90m.[39m[90m.[39m[90m.[39m[90m.[39m[90m.[39m[90m.[39m[90m.[39m[90m.[39m[90m.[39m[90m.[39m[90m.[39m[90m.[39m[90m.[39m[90m.[39m[90m.[39m[90m.[39m[90m.[39m[90m.[39m[90m.[39m[90m.[39m[90m.[39m[90m.[39m[90m.[39m[90m.[39m[90m.[39m[90m.[39m[90m.[39m[90m.[39m[90m.[39m[90m.[39m[90m.[39m[90m.[39m[90m.[39m[90m.[39m[90m.[39m[90m.[39m[90m.[39m[90m.[39m[90m.[39m[90m.[39m[90m.[39m[90m.[39m[90m.[39m[90m.[39m[90m.[39m[90m.[39m[90m.[39m [32;1mDONE[39;22m
  nunomaduro/collision [90m.[39m[90m.[39m[90m.[39m[90m.[39m[90m.[39m[90m.[39m[90m.[39m[90m.[39m[90m.[39m[90m.[39m[90m.[39m[90m.[39m[90m.[39m[90m.[39m[90m.[39m[90m.[39m[90m.[39m[90m.[39m[90m.[39m[90m.[39m[90m.[39m[90m.[39m[90m.[39m[90m.[39m[90m.[39m[90m.[39m[90m.[39m[90m.[39m[90m.[39m[90m.[39m[90m.[39m[90m.[39m[90m.[39m[90m.[39m[90m.[39m[90m.[39m[90m.[39m[90m.[39m[90m.[39m[90m.[39m[90m.[39m[90m.[39m[90m.[39m[90m.[39m[90m.[39m[90m.[39m[90m.[39m[90m.[39m[90m.[39m[90m.[39m [32;1mDONE[39;22m
  nunomaduro/termwind [90m.[39m[90m.[39m[90m.[39m[90m.[39m[90m.[39m[90m.[39m[90m.[39m[90m.[39m[90m.[39m[90m.[39m[90m.[39m[90m.[39m[90m.[39m[90m.[39m[90m.[39m[90m.[39m[90m.[39m[90m.[39m[90m.[39m[90m.[39m[90m.[39m[90m.[39m[90m.[39m[90m.[39m[90m.[39m[90m.[39m[90m.[39m[90m.[39m[90m.[39m[90m.[39m[90m.[39m[90m.[39m[90m.[39m[90m.[39m[90m.[39m[90m.[39m[90m.[39m[90m.[39m[90m.[39m[90m.[39m[90m.[39m[90m.[39m[90m.[39m[90m.[39m[90m.[39m[90m.[39m[90m.[39m[90m.[39m[90m.[39m[90m.[39m[90m.[39m [32;1mDONE[39;22m
  spatie/laravel-ignition [90m.[39m[90m.[39m[90m.[39m[90m.[39m[90m.[39m[90m.[39m[90m.[39m[90m.[39m[90m.[39m[90m.[39m[90m.[39m[90m.[39m[90m.[39m[90m.[39m[90m.[39m[90m.[39m[90m.[39m[90m.[39m[90m.[39m[90m.[39m[90m.[39m[90m.[39m[90m.[39m[90m.[39m[90m.[39m[90m.[39m[90m.[39m[90m.[39m[90m.[39m[90m.[39m[90m.[39m[90m.[39m[90m.[39m[90m.[39m[90m.[39m[90m.[39m[90m.[39m[90m.[39m[90m.[39m[90m.[39m[90m.[39m[90m.[39m[90m.[39m[90m.[39m[90m.[39m[90m.[39m[90m.[39m [32;1mDONE[39;22m

phpstan/extension-installer: Extensions installed

  [37;44m INFO [39;49m Application key set successfully.  


   INFO  Application key set successfully.  


                                                               
  No arguments expected for "migrate" command, got "*phpcli".  
                                                               

Site 000-default already disabled
Site laravel_project already enabled
Module rewrite already enabled
