Memory Usage Log for Tue Sep 13 12:00:01 PM WAT 2022
+-------------------------------+

               total        used        free      shared  buff/cache   available
Mem:            7824        4925         681         306        2217        2306
Swap:              0           0           0
+-------------------------------+

Memory Usage Log for Tue Sep 13 01:00:01 PM WAT 2022
+-------------------------------+

               total        used        free      shared  buff/cache   available
Mem:            7824        4827         789         318        2207        2386
Swap:              0           0           0
+-------------------------------+

Memory Usage Log for Tue Sep 13 02:00:01 PM WAT 2022
+-------------------------------+

               total        used        free      shared  buff/cache   available
Mem:            7824        4944        1454         339        1424        2245
Swap:              0           0           0
+-------------------------------+

Memory Usage Log for Tue Sep 13 03:00:01 PM WAT 2022
+-------------------------------+

               total        used        free      shared  buff/cache   available
Mem:            7824        5229         425         391        2169        1893
Swap:              0           0           0
+-------------------------------+

Memory Usage Log for Tue Sep 13 04:00:01 PM WAT 2022
+-------------------------------+

               total        used        free      shared  buff/cache   available
Mem:            7824        5352         199         466        2272        1716
Swap:              0           0           0
+-------------------------------+

Memory Usage Log for Tue Sep 13 05:00:01 PM WAT 2022
+-------------------------------+

               total        used        free      shared  buff/cache   available
Mem:            7824        5630         323         438        1870        1464
Swap:              0           0           0
+-------------------------------+

Memory Usage Log for Tue Sep 13 08:00:01 PM WAT 2022
+-------------------------------+

               total        used        free      shared  buff/cache   available
Mem:            7824        5141         422         338        2259        2058
Swap:              0           0           0
+-------------------------------+

Memory Usage Log for Tue Sep 13 09:00:02 PM WAT 2022
+-------------------------------+

               total        used        free      shared  buff/cache   available
Mem:            7824        5495         366         374        1962        1668
Swap:              0           0           0
+-------------------------------+

Memory Usage Log for Tue Sep 13 10:00:01 PM WAT 2022
+-------------------------------+

               total        used        free      shared  buff/cache   available
Mem:            7824        5386         694         385        1743        1768
Swap:              0           0           0
+-------------------------------+

Memory Usage Log for Wed Sep 14 09:00:01 AM WAT 2022
+-------------------------------+

               total        used        free      shared  buff/cache   available
Mem:            7824        3246         597         250        3980        4040
Swap:              0           0           0
+-------------------------------+

Memory Usage Log for Wed Sep 14 10:00:01 AM WAT 2022
+-------------------------------+

               total        used        free      shared  buff/cache   available
Mem:            7824        2456        2381         243        2986        4856
Swap:              0           0           0
+-------------------------------+

Memory Usage Log for Wed Sep 14 11:00:01 AM WAT 2022
+-------------------------------+

               total        used        free      shared  buff/cache   available
Mem:            7824        2455        2359         243        3009        4857
Swap:              0           0           0
+-------------------------------+

Memory Usage Log for Wed Sep 14 12:00:01 PM WAT 2022
+-------------------------------+

               total        used        free      shared  buff/cache   available
Mem:            7824        2692        1611         252        3519        4605
Swap:              0           0           0
+-------------------------------+

Memory Usage Log for Wed Sep 14 01:00:01 PM WAT 2022
+-------------------------------+

               total        used        free      shared  buff/cache   available
Mem:            7824        2713        1504         255        3606        4578
Swap:              0           0           0
+-------------------------------+

Memory Usage Log for Wed Sep 14 02:00:01 PM WAT 2022
+-------------------------------+

               total        used        free      shared  buff/cache   available
Mem:            7824        4198         689         260        2935        3070
Swap:              0           0           0
+-------------------------------+

Memory Usage Log for Wed Sep 14 03:00:01 PM WAT 2022
+-------------------------------+

               total        used        free      shared  buff/cache   available
Mem:            7824        4116         329         325        3378        3089
Swap:              0           0           0
+-------------------------------+

Memory Usage Log for Wed Sep 14 04:00:01 PM WAT 2022
+-------------------------------+

               total        used        free      shared  buff/cache   available
Mem:            7824        5003         125         380        2695        2146
Swap:              0           0           0
+-------------------------------+

Memory Usage Log for Wed Sep 14 05:00:02 PM WAT 2022
+-------------------------------+

               total        used        free      shared  buff/cache   available
Mem:            7824        4483         876         364        2464        2644
Swap:              0           0           0
+-------------------------------+

Memory Usage Log for Thu Sep 15 09:00:01 AM WAT 2022
+-------------------------------+

               total        used        free      shared  buff/cache   available
Mem:            7824        1958        3220         156        2644        5447
Swap:              0           0           0
+-------------------------------+

Memory Usage Log for Thu Sep 15 10:00:02 AM WAT 2022
+-------------------------------+

               total        used        free      shared  buff/cache   available
Mem:            7824        3354         871         306        3597        3874
Swap:              0           0           0
+-------------------------------+

Memory Usage Log for Thu Sep 15 11:00:01 AM WAT 2022
+-------------------------------+

               total        used        free      shared  buff/cache   available
Mem:            7824        3132         780         287        3911        4115
Swap:              0           0           0
+-------------------------------+

Memory Usage Log for Thu Sep 15 12:00:01 PM WAT 2022
+-------------------------------+

               total        used        free      shared  buff/cache   available
Mem:            7824        3181         670         335        3971        4018
Swap:              0           0           0
+-------------------------------+

Memory Usage Log for Thu Sep 15 01:00:01 PM WAT 2022
+-------------------------------+

               total        used        free      shared  buff/cache   available
Mem:            7824        3619         198         363        4005        3527
Swap:              0           0           0
+-------------------------------+

Memory Usage Log for Thu Sep 15 02:00:01 PM WAT 2022
+-------------------------------+

               total        used        free      shared  buff/cache   available
Mem:            7824        3492         360         349        3970        3688
Swap:              0           0           0
+-------------------------------+

Memory Usage Log for Thu Sep 15 03:00:01 PM WAT 2022
+-------------------------------+

               total        used        free      shared  buff/cache   available
Mem:            7824        3749         180         389        3893        3397
Swap:              0           0           0
+-------------------------------+

Memory Usage Log for Thu Sep 15 04:00:01 PM WAT 2022
+-------------------------------+

               total        used        free      shared  buff/cache   available
Mem:            7824        3791         215         380        3817        3364
Swap:              0           0           0
+-------------------------------+

Memory Usage Log for Thu Sep 15 05:00:01 PM WAT 2022
+-------------------------------+

               total        used        free      shared  buff/cache   available
Mem:            7824        4214         219         373        3390        2945
Swap:              0           0           0
+-------------------------------+

Memory Usage Log for Thu Sep 15 08:00:01 PM WAT 2022
+-------------------------------+

               total        used        free      shared  buff/cache   available
Mem:            7824        3497         620         458        3706        3582
Swap:              0           0           0
+-------------------------------+

Memory Usage Log for Thu Sep 15 09:00:02 PM WAT 2022
+-------------------------------+

               total        used        free      shared  buff/cache   available
Mem:            7824        4600         303         494        2920        2442
Swap:              0           0           0
+-------------------------------+

Memory Usage Log for Thu Sep 15 10:00:01 PM WAT 2022
+-------------------------------+

               total        used        free      shared  buff/cache   available
Mem:            7824        4268         189         602        3365        2663
Swap:              0           0           0
+-------------------------------+

Memory Usage Log for Fri Sep 16 10:00:01 AM WAT 2022
+-------------------------------+

               total        used        free      shared  buff/cache   available
Mem:            7824        3928         353         344        3542        3264
Swap:              0           0           0
+-------------------------------+

Memory Usage Log for Fri Sep 16 11:00:01 AM WAT 2022
+-------------------------------+

               total        used        free      shared  buff/cache   available
Mem:            7824        3519         789         350        3514        3666
Swap:              0           0           0
+-------------------------------+

Memory Usage Log for Fri Sep 16 12:00:01 PM WAT 2022
+-------------------------------+

               total        used        free      shared  buff/cache   available
Mem:            7824        4332         147         383        3344        2817
Swap:              0           0           0
+-------------------------------+

Memory Usage Log for Fri Sep 16 01:00:01 PM WAT 2022
+-------------------------------+

               total        used        free      shared  buff/cache   available
Mem:            7824        4523         262         401        3038        2606
Swap:              0           0           0
+-------------------------------+

Memory Usage Log for Fri Sep 16 02:00:01 PM WAT 2022
+-------------------------------+

               total        used        free      shared  buff/cache   available
Mem:            7824        4549         149         405        3124        2576
Swap:              0           0           0
+-------------------------------+

Memory Usage Log for Fri Sep 16 03:00:01 PM WAT 2022
+-------------------------------+

               total        used        free      shared  buff/cache   available
Mem:            7824        4746         264         402        2813        2384
Swap:              0           0           0
+-------------------------------+

Memory Usage Log for Fri Sep 16 04:00:01 PM WAT 2022
+-------------------------------+

               total        used        free      shared  buff/cache   available
Mem:            7824        4692         143         403        2988        2438
Swap:              0           0           0
+-------------------------------+

Memory Usage Log for Sat Sep 17 11:00:01 AM WAT 2022
+-------------------------------+

               total        used        free      shared  buff/cache   available
Mem:            7824        3211         720         331        3892        3998
Swap:              0           0           0
+-------------------------------+

Memory Usage Log for Sat Sep 17 12:00:01 PM WAT 2022
+-------------------------------+

               total        used        free      shared  buff/cache   available
Mem:            7824        4441         349         332        3032        2691
Swap:              0           0           0
+-------------------------------+

Memory Usage Log for Sat Sep 17 01:00:01 PM WAT 2022
+-------------------------------+

               total        used        free      shared  buff/cache   available
Mem:            7824        4499         178         341        3145        2686
Swap:              0           0           0
+-------------------------------+

Memory Usage Log for Sat Sep 17 02:00:01 PM WAT 2022
+-------------------------------+

               total        used        free      shared  buff/cache   available
Mem:            7824        4419         596         344        2808        2728
Swap:              0           0           0
+-------------------------------+

Memory Usage Log for Sat Sep 17 03:00:01 PM WAT 2022
+-------------------------------+

               total        used        free      shared  buff/cache   available
Mem:            7824        4910         211         373        2701        2215
Swap:              0           0           0
+-------------------------------+

Memory Usage Log for Sat Sep 17 04:00:02 PM WAT 2022
+-------------------------------+

               total        used        free      shared  buff/cache   available
Mem:            7824        5064         132         373        2627        2088
Swap:              0           0           0
+-------------------------------+

Memory Usage Log for Sat Sep 17 05:00:02 PM WAT 2022
+-------------------------------+

               total        used        free      shared  buff/cache   available
Mem:            7824        5805         501         421        1517        1299
Swap:              0           0           0
+-------------------------------+

Memory Usage Log for Sat Sep 17 09:00:01 PM WAT 2022
+-------------------------------+

               total        used        free      shared  buff/cache   available
Mem:            7824        2360        2575         300        2887        4901
Swap:              0           0           0
+-------------------------------+

Memory Usage Log for Sun Sep 18 03:00:01 PM WAT 2022
+-------------------------------+

               total        used        free      shared  buff/cache   available
Mem:            7824        5380         163         318        2279        1836
Swap:              0           0           0
+-------------------------------+

Memory Usage Log for Sun Sep 18 04:00:01 PM WAT 2022
+-------------------------------+

               total        used        free      shared  buff/cache   available
Mem:            7824        6179         269         336        1375        1019
Swap:              0           0           0
+-------------------------------+

Memory Usage Log for Sun Sep 18 05:00:01 PM WAT 2022
+-------------------------------+

               total        used        free      shared  buff/cache   available
Mem:            7824        6657         151         418        1015         460
Swap:              0           0           0
+-------------------------------+

Memory Usage Log for Sun Sep 18 06:00:01 PM WAT 2022
+-------------------------------+

               total        used        free      shared  buff/cache   available
Mem:            7824        5730         634         354        1459        1454
Swap:              0           0           0
+-------------------------------+

Memory Usage Log for Mon Sep 19 12:00:01 AM WAT 2022
+-------------------------------+

               total        used        free      shared  buff/cache   available
Mem:            7824        2042        3070         279        2711        5240
Swap:              0           0           0
+-------------------------------+

Memory Usage Log for Mon Sep 19 10:00:01 AM WAT 2022
+-------------------------------+

               total        used        free      shared  buff/cache   available
Mem:            7824        3491         905         342        3427        3704
Swap:              0           0           0
+-------------------------------+

Memory Usage Log for Mon Sep 19 11:00:01 AM WAT 2022
+-------------------------------+

               total        used        free      shared  buff/cache   available
Mem:            7824        3109        1098         309        3615        4117
Swap:              0           0           0
+-------------------------------+

Memory Usage Log for Mon Sep 19 12:00:01 PM WAT 2022
+-------------------------------+

               total        used        free      shared  buff/cache   available
Mem:            7824        3267         843         366        3712        3902
Swap:              0           0           0
+-------------------------------+

Memory Usage Log for Mon Sep 19 01:39:46 PM WAT 2022
+-------------------------------+

               total        used        free      shared  buff/cache   available
Mem:            7824        3093        4034         318         695        4124
Swap:              0           0           0
+-------------------------------+

Memory Usage Log for Mon Sep 19 02:00:01 PM WAT 2022
+-------------------------------+

               total        used        free      shared  buff/cache   available
Mem:            7824        3111        3635         326        1077        4105
Swap:              0           0           0
+-------------------------------+

Memory Usage Log for Mon Sep 19 03:00:01 PM WAT 2022
+-------------------------------+

               total        used        free      shared  buff/cache   available
Mem:            7824        3152        3367         326        1304        4063
Swap:              0           0           0
+-------------------------------+

Memory Usage Log for Mon Sep 19 04:00:01 PM WAT 2022
+-------------------------------+

               total        used        free      shared  buff/cache   available
Mem:            7824        3130        3300         327        1392        4084
Swap:              0           0           0
+-------------------------------+

Memory Usage Log for Mon Sep 19 05:00:01 PM WAT 2022
+-------------------------------+

               total        used        free      shared  buff/cache   available
Mem:            7824        3120         532         416        4171        4010
Swap:              0           0           0
+-------------------------------+

Memory Usage Log for Mon Sep 19 08:00:01 PM WAT 2022
+-------------------------------+

               total        used        free      shared  buff/cache   available
Mem:            7824        4238         535         253        3050        3066
Swap:              0           0           0
+-------------------------------+

Memory Usage Log for Mon Sep 19 09:00:01 PM WAT 2022
+-------------------------------+

               total        used        free      shared  buff/cache   available
Mem:            7824        5541         939         274        1343        1741
Swap:              0           0           0
+-------------------------------+

Memory Usage Log for Tue Sep 20 09:00:02 AM WAT 2022
+-------------------------------+

               total        used        free      shared  buff/cache   available
Mem:            7824        1594        4267         156        1961        5821
Swap:              0           0           0
+-------------------------------+

Memory Usage Log for Tue Sep 20 10:00:01 AM WAT 2022
+-------------------------------+

               total        used        free      shared  buff/cache   available
Mem:            7824        4466        1527         295        1830        2779
Swap:              0           0           0
+-------------------------------+

Memory Usage Log for Tue Sep 20 11:00:01 AM WAT 2022
+-------------------------------+

               total        used        free      shared  buff/cache   available
Mem:            7824        5845         296         351        1681        1345
Swap:              0           0           0
+-------------------------------+

Memory Usage Log for Tue Sep 20 12:00:01 PM WAT 2022
+-------------------------------+

               total        used        free      shared  buff/cache   available
Mem:            7824        5979         722         368        1121        1193
Swap:              0           0           0
+-------------------------------+

Memory Usage Log for Tue Sep 20 01:00:02 PM WAT 2022
+-------------------------------+

               total        used        free      shared  buff/cache   available
Mem:            7824        4439        1893         327        1490        2747
Swap:              0           0           0
+-------------------------------+

Memory Usage Log for Tue Sep 20 02:00:02 PM WAT 2022
+-------------------------------+

               total        used        free      shared  buff/cache   available
Mem:            7824        3056        2954         313        1813        4173
Swap:              0           0           0
+-------------------------------+

Memory Usage Log for Tue Sep 20 03:00:01 PM WAT 2022
+-------------------------------+

               total        used        free      shared  buff/cache   available
Mem:            7824        3263        1134         345        3426        3923
Swap:              0           0           0
+-------------------------------+

Memory Usage Log for Tue Sep 20 04:00:01 PM WAT 2022
+-------------------------------+

               total        used        free      shared  buff/cache   available
Mem:            7824        4203         212         372        3407        2985
Swap:              0           0           0
+-------------------------------+

Memory Usage Log for Tue Sep 20 05:00:01 PM WAT 2022
+-------------------------------+

               total        used        free      shared  buff/cache   available
Mem:            7824        5386         266         374        2171        1794
Swap:              0           0           0
+-------------------------------+

Memory Usage Log for Tue Sep 20 08:00:01 PM WAT 2022
+-------------------------------+

               total        used        free      shared  buff/cache   available
Mem:            7824        3197         651         381        3975        3963
Swap:              0           0           0
+-------------------------------+

Memory Usage Log for Wed Sep 21 10:00:01 AM WAT 2022
+-------------------------------+

               total        used        free      shared  buff/cache   available
Mem:            7824        3964        2216         224        1642        3340
Swap:              0           0           0
+-------------------------------+

Memory Usage Log for Wed Sep 21 11:00:01 AM WAT 2022
+-------------------------------+

               total        used        free      shared  buff/cache   available
Mem:            7824        3905        1773         201        2144        3424
Swap:              0           0           0
+-------------------------------+

Memory Usage Log for Wed Sep 21 12:00:01 PM WAT 2022
+-------------------------------+

               total        used        free      shared  buff/cache   available
Mem:            7824        5452         252         264        2119        1812
Swap:              0           0           0
+-------------------------------+

Memory Usage Log for Wed Sep 21 01:00:01 PM WAT 2022
+-------------------------------+

               total        used        free      shared  buff/cache   available
Mem:            7824        6533         217         349        1073         643
Swap:              0           0           0
+-------------------------------+

Memory Usage Log for Wed Sep 21 02:00:01 PM WAT 2022
+-------------------------------+

               total        used        free      shared  buff/cache   available
Mem:            7824        6361         323         304        1138         939
Swap:              0           0           0
+-------------------------------+

Memory Usage Log for Wed Sep 21 03:00:09 PM WAT 2022
+-------------------------------+

               total        used        free      shared  buff/cache   available
Mem:            7824        6643         142         438        1038         454
Swap:              0           0           0
+-------------------------------+

Memory Usage Log for Wed Sep 21 04:00:02 PM WAT 2022
+-------------------------------+

               total        used        free      shared  buff/cache   available
Mem:            7824        6510         134         417        1179         618
Swap:              0           0           0
+-------------------------------+

Memory Usage Log for Wed Sep 21 05:00:03 PM WAT 2022
+-------------------------------+

               total        used        free      shared  buff/cache   available
Mem:            7824        6576         269         455         977         508
Swap:              0           0           0
+-------------------------------+

Memory Usage Log for Wed Sep 21 06:00:01 PM WAT 2022
+-------------------------------+

               total        used        free      shared  buff/cache   available
Mem:            7824        3924         163         422        3736        3193
Swap:              0           0           0
+-------------------------------+

Memory Usage Log for Wed Sep 21 09:00:01 PM WAT 2022
+-------------------------------+

               total        used        free      shared  buff/cache   available
Mem:            7824        3242         793         352        3788        3961
Swap:              0           0           0
+-------------------------------+

Memory Usage Log for Thu Sep 22 09:00:02 AM WAT 2022
+-------------------------------+

               total        used        free      shared  buff/cache   available
Mem:            7824        2553         942         215        4327        4763
Swap:              0           0           0
+-------------------------------+

Memory Usage Log for Thu Sep 22 10:00:01 AM WAT 2022
+-------------------------------+

               total        used        free      shared  buff/cache   available
Mem:            7824        4176         579         268        3068        3109
Swap:              0           0           0
+-------------------------------+

Memory Usage Log for Thu Sep 22 11:00:01 AM WAT 2022
+-------------------------------+

               total        used        free      shared  buff/cache   available
Mem:            7824        4550         426         297        2846        2714
Swap:              0           0           0
+-------------------------------+

Memory Usage Log for Thu Sep 22 12:00:01 PM WAT 2022
+-------------------------------+

               total        used        free      shared  buff/cache   available
Mem:            7824        5233         151         359        2439        1961
Swap:              0           0           0
+-------------------------------+

Memory Usage Log for Thu Sep 22 01:00:01 PM WAT 2022
+-------------------------------+

               total        used        free      shared  buff/cache   available
Mem:            7824        4895         510         343        2417        2315
Swap:              0           0           0
+-------------------------------+

Memory Usage Log for Thu Sep 22 02:00:01 PM WAT 2022
+-------------------------------+

               total        used        free      shared  buff/cache   available
Mem:            7824        5018         279         365        2526        2161
Swap:              0           0           0
+-------------------------------+

Memory Usage Log for Thu Sep 22 03:00:02 PM WAT 2022
+-------------------------------+

               total        used        free      shared  buff/cache   available
Mem:            7824        5151         796         389        1876        1986
Swap:              0           0           0
+-------------------------------+

Memory Usage Log for Thu Sep 22 04:00:01 PM WAT 2022
+-------------------------------+

               total        used        free      shared  buff/cache   available
Mem:            7824        4877         817         386        2128        2373
Swap:              0           0           0
+-------------------------------+

Memory Usage Log for Thu Sep 22 05:00:02 PM WAT 2022
+-------------------------------+

               total        used        free      shared  buff/cache   available
Mem:            7824        6465         224         488        1134         565
Swap:              0           0           0
+-------------------------------+

Memory Usage Log for Fri Sep 23 09:00:02 AM WAT 2022
+-------------------------------+

               total        used        free      shared  buff/cache   available
Mem:            7824        3847         865         227        3111        3460
Swap:              0           0           0
+-------------------------------+

Memory Usage Log for Fri Sep 23 10:00:01 AM WAT 2022
+-------------------------------+

               total        used        free      shared  buff/cache   available
Mem:            7824        5153        1184         314        1485        2060
Swap:              0           0           0
+-------------------------------+

Memory Usage Log for Fri Sep 23 11:00:01 AM WAT 2022
+-------------------------------+

               total        used        free      shared  buff/cache   available
Mem:            7824        5199        1244         303        1380        2026
Swap:              0           0           0
+-------------------------------+

Memory Usage Log for Fri Sep 23 12:00:01 PM WAT 2022
+-------------------------------+

               total        used        free      shared  buff/cache   available
Mem:            7824        5774         142         469        1906        1283
Swap:              0           0           0
+-------------------------------+

Memory Usage Log for Fri Sep 23 01:00:01 PM WAT 2022
+-------------------------------+

               total        used        free      shared  buff/cache   available
Mem:            7824        6545         142         398        1135         593
Swap:              0           0           0
+-------------------------------+

Memory Usage Log for Fri Sep 23 02:00:02 PM WAT 2022
+-------------------------------+

               total        used        free      shared  buff/cache   available
Mem:            7824        6204         320         399        1299         933
Swap:              0           0           0
+-------------------------------+

Memory Usage Log for Fri Sep 23 03:00:01 PM WAT 2022
+-------------------------------+

               total        used        free      shared  buff/cache   available
Mem:            7824        5557         481         450        1785        1532
Swap:              0           0           0
+-------------------------------+

Memory Usage Log for Fri Sep 23 05:00:01 PM WAT 2022
+-------------------------------+

               total        used        free      shared  buff/cache   available
Mem:            7824        4306         314         437        3202        2806
Swap:              0           0           0
+-------------------------------+

Memory Usage Log for Fri Sep 23 09:00:01 PM WAT 2022
+-------------------------------+

               total        used        free      shared  buff/cache   available
Mem:            7824        3529         521         453        3774        3556
Swap:              0           0           0
+-------------------------------+

Memory Usage Log for Sat Sep 24 12:00:01 PM WAT 2022
+-------------------------------+

               total        used        free      shared  buff/cache   available
Mem:            7824        3908         124         367        3790        3265
Swap:              0           0           0
+-------------------------------+

Memory Usage Log for Sat Sep 24 01:00:01 PM WAT 2022
+-------------------------------+

               total        used        free      shared  buff/cache   available
Mem:            7824        4862         172         461        2789        2209
Swap:              0           0           0
+-------------------------------+

Memory Usage Log for Sat Sep 24 02:00:01 PM WAT 2022
+-------------------------------+

               total        used        free      shared  buff/cache   available
Mem:            7824        4599        1040         472        2184        2459
Swap:              0           0           0
+-------------------------------+

Memory Usage Log for Sat Sep 24 03:00:01 PM WAT 2022
+-------------------------------+

               total        used        free      shared  buff/cache   available
Mem:            7824        3626        1697         579        2500        3325
Swap:              0           0           0
+-------------------------------+

Memory Usage Log for Sat Sep 24 04:00:02 PM WAT 2022
+-------------------------------+

               total        used        free      shared  buff/cache   available
Mem:            7824        5346         126         702        2351        1478
Swap:              0           0           0
+-------------------------------+

Memory Usage Log for Sat Sep 24 05:00:01 PM WAT 2022
+-------------------------------+

               total        used        free      shared  buff/cache   available
Mem:            7824        5132         957         457        1733        1912
Swap:              0           0           0
+-------------------------------+

Memory Usage Log for Sat Sep 24 06:00:02 PM WAT 2022
+-------------------------------+

               total        used        free      shared  buff/cache   available
Mem:            7824        5740         455         547        1627        1232
Swap:              0           0           0
+-------------------------------+

Memory Usage Log for Mon Sep 26 05:00:02 PM WAT 2022
+-------------------------------+

               total        used        free      shared  buff/cache   available
Mem:            7824        5410         143         404        2270        1721
Swap:              0           0           0
+-------------------------------+

Memory Usage Log for Mon Sep 26 07:00:01 PM WAT 2022
+-------------------------------+

               total        used        free      shared  buff/cache   available
Mem:            7824        1921        3272         242        2630        5398
Swap:              0           0           0
+-------------------------------+

Memory Usage Log for Mon Sep 26 08:00:01 PM WAT 2022
+-------------------------------+

               total        used        free      shared  buff/cache   available
Mem:            7824        1998        3017         241        2807        5320
Swap:              0           0           0
+-------------------------------+

Memory Usage Log for Mon Sep 26 09:00:01 PM WAT 2022
+-------------------------------+

               total        used        free      shared  buff/cache   available
Mem:            7824        2352        2371         328        3099        4877
Swap:              0           0           0
+-------------------------------+

Memory Usage Log for Tue Sep 27 02:00:01 PM WAT 2022
+-------------------------------+

               total        used        free      shared  buff/cache   available
Mem:            7824        2017        3253         227        2552        5318
Swap:              0           0           0
+-------------------------------+

Memory Usage Log for Tue Sep 27 04:00:01 PM WAT 2022
+-------------------------------+

               total        used        free      shared  buff/cache   available
Mem:            7824        3230         619         292        3974        4017
Swap:              0           0           0
+-------------------------------+

Memory Usage Log for Wed Sep 28 02:00:01 PM WAT 2022
+-------------------------------+

               total        used        free      shared  buff/cache   available
Mem:            7824        3802         701         272        3320        3462
Swap:              0           0           0
+-------------------------------+

Memory Usage Log for Wed Sep 28 03:00:02 PM WAT 2022
+-------------------------------+

               total        used        free      shared  buff/cache   available
Mem:            7824        5289         133         319        2401        1942
Swap:              0           0           0
+-------------------------------+

Memory Usage Log for Wed Sep 28 04:00:01 PM WAT 2022
+-------------------------------+

               total        used        free      shared  buff/cache   available
Mem:            7824        5087         485         326        2250        2128
Swap:              0           0           0
+-------------------------------+

Memory Usage Log for Wed Sep 28 05:00:01 PM WAT 2022
+-------------------------------+

               total        used        free      shared  buff/cache   available
Mem:            7824         986        5779          34        1057        6563
Swap:              0           0           0
+-------------------------------+

Memory Usage Log for Wed Sep 28 09:00:01 PM WAT 2022
+-------------------------------+

               total        used        free      shared  buff/cache   available
Mem:            7824        3154        1246         352        3422        4032
Swap:              0           0           0
+-------------------------------+

Memory Usage Log for Wed Sep 28 10:00:02 PM WAT 2022
+-------------------------------+

               total        used        free      shared  buff/cache   available
Mem:            7824        3607         957         375        3259        3556
Swap:              0           0           0
+-------------------------------+

Memory Usage Log for Thu Sep 29 09:00:02 AM WAT 2022
+-------------------------------+

               total        used        free      shared  buff/cache   available
Mem:            7824        3406         309         331        4108        3799
Swap:              0           0           0
+-------------------------------+

Memory Usage Log for Thu Sep 29 10:00:01 AM WAT 2022
+-------------------------------+

               total        used        free      shared  buff/cache   available
Mem:            7824        3252         223         328        4348        3956
Swap:              0           0           0
+-------------------------------+

Memory Usage Log for Thu Sep 29 11:00:01 AM WAT 2022
+-------------------------------+

               total        used        free      shared  buff/cache   available
Mem:            7824        3280         160         336        4382        3921
Swap:              0           0           0
+-------------------------------+

Memory Usage Log for Thu Sep 29 12:00:01 PM WAT 2022
+-------------------------------+

               total        used        free      shared  buff/cache   available
Mem:            7824        3227         378         323        4217        3986
Swap:              0           0           0
+-------------------------------+

Memory Usage Log for Thu Sep 29 01:00:01 PM WAT 2022
+-------------------------------+

               total        used        free      shared  buff/cache   available
Mem:            7824        3227         364         323        4231        3986
Swap:              0           0           0
+-------------------------------+

Memory Usage Log for Thu Sep 29 02:00:01 PM WAT 2022
+-------------------------------+

               total        used        free      shared  buff/cache   available
Mem:            7824        2897         561         260        4365        4378
Swap:              0           0           0
+-------------------------------+

Memory Usage Log for Thu Sep 29 03:00:01 PM WAT 2022
+-------------------------------+

               total        used        free      shared  buff/cache   available
Mem:            7824        3008         403         298        4412        4230
Swap:              0           0           0
+-------------------------------+

Memory Usage Log for Thu Sep 29 04:00:01 PM WAT 2022
+-------------------------------+

               total        used        free      shared  buff/cache   available
Mem:            7824        4893         162         421        2768        2232
Swap:              0           0           0
+-------------------------------+

Memory Usage Log for Thu Sep 29 05:00:02 PM WAT 2022
+-------------------------------+

               total        used        free      shared  buff/cache   available
Mem:            7824        5409         398         424        2016        1708
Swap:              0           0           0
+-------------------------------+

Memory Usage Log for Thu Sep 29 09:00:02 PM WAT 2022
+-------------------------------+

               total        used        free      shared  buff/cache   available
Mem:            7824        5748         488         382        1587        1408
Swap:              0           0           0
+-------------------------------+

Memory Usage Log for Thu Sep 29 10:00:01 PM WAT 2022
+-------------------------------+

               total        used        free      shared  buff/cache   available
Mem:            7824        6293         298         397        1231         875
Swap:              0           0           0
+-------------------------------+

Memory Usage Log for Fri Sep 30 09:00:01 AM WAT 2022
+-------------------------------+

               total        used        free      shared  buff/cache   available
Mem:            7824        2006        3634          70        2183        5497
Swap:              0           0           0
+-------------------------------+

Memory Usage Log for Fri Sep 30 10:00:01 AM WAT 2022
+-------------------------------+

               total        used        free      shared  buff/cache   available
Mem:            7824        3750         193         311        3879        3473
Swap:              0           0           0
+-------------------------------+

Memory Usage Log for Fri Sep 30 11:00:01 AM WAT 2022
+-------------------------------+

               total        used        free      shared  buff/cache   available
Mem:            7824        4809         149         416        2865        2303
Swap:              0           0           0
+-------------------------------+

Memory Usage Log for Fri Sep 30 12:00:01 PM WAT 2022
+-------------------------------+

               total        used        free      shared  buff/cache   available
Mem:            7824        4964         196         423        2662        2140
Swap:              0           0           0
+-------------------------------+

Memory Usage Log for Fri Sep 30 01:00:01 PM WAT 2022
+-------------------------------+

               total        used        free      shared  buff/cache   available
Mem:            7824        5052         308         392        2463        2083
Swap:              0           0           0
+-------------------------------+

Memory Usage Log for Fri Sep 30 02:00:01 PM WAT 2022
+-------------------------------+

               total        used        free      shared  buff/cache   available
Mem:            7824        5139         126         457        2557        1931
Swap:              0           0           0
+-------------------------------+

Memory Usage Log for Fri Sep 30 03:00:01 PM WAT 2022
+-------------------------------+

               total        used        free      shared  buff/cache   available
Mem:            7824        4599         747         339        2476        2589
Swap:              0           0           0
+-------------------------------+

Memory Usage Log for Fri Sep 30 04:00:02 PM WAT 2022
+-------------------------------+

               total        used        free      shared  buff/cache   available
Mem:            7824        4792         324         390        2706        2347
Swap:              0           0           0
+-------------------------------+

Memory Usage Log for Sat Oct  1 10:00:02 AM WAT 2022
+-------------------------------+

               total        used        free      shared  buff/cache   available
Mem:            7824        3777         121         306        3924        3455
Swap:              0           0           0
+-------------------------------+

Memory Usage Log for Sat Oct  1 11:00:02 AM WAT 2022
+-------------------------------+

               total        used        free      shared  buff/cache   available
Mem:            7824        5924         380         344        1519        1257
Swap:              0           0           0
+-------------------------------+

Memory Usage Log for Sat Oct  1 12:00:01 PM WAT 2022
+-------------------------------+

               total        used        free      shared  buff/cache   available
Mem:            7824        5095        1083         372        1645        2066
Swap:              0           0           0
+-------------------------------+

Memory Usage Log for Sat Oct  1 01:00:01 PM WAT 2022
+-------------------------------+

               total        used        free      shared  buff/cache   available
Mem:            7824        5437         348         392        2038        1702
Swap:              0           0           0
+-------------------------------+

Memory Usage Log for Sat Oct  1 02:00:05 PM WAT 2022
+-------------------------------+

               total        used        free      shared  buff/cache   available
Mem:            7824        6724         129         323         970         495
Swap:              0           0           0
+-------------------------------+

Memory Usage Log for Sat Oct  1 03:00:02 PM WAT 2022
+-------------------------------+

               total        used        free      shared  buff/cache   available
Mem:            7824        6452         281         355        1089         736
Swap:              0           0           0
+-------------------------------+

Memory Usage Log for Sat Oct  1 04:00:01 PM WAT 2022
+-------------------------------+

               total        used        free      shared  buff/cache   available
Mem:            7824        5962         830         333        1030        1262
Swap:              0           0           0
+-------------------------------+

Memory Usage Log for Sat Oct  1 05:00:02 PM WAT 2022
+-------------------------------+

               total        used        free      shared  buff/cache   available
Mem:            7824        6338         238         334        1247         894
Swap:              0           0           0
+-------------------------------+

Memory Usage Log for Sat Oct  1 08:00:01 PM WAT 2022
+-------------------------------+

               total        used        free      shared  buff/cache   available
Mem:            7824        1956        3177         296        2690        5307
Swap:              0           0           0
+-------------------------------+

Memory Usage Log for Sat Oct  1 09:00:01 PM WAT 2022
+-------------------------------+

               total        used        free      shared  buff/cache   available
Mem:            7824        1998        2963         308        2861        5252
Swap:              0           0           0
+-------------------------------+

Memory Usage Log for Mon Oct  3 10:00:02 AM WAT 2022
+-------------------------------+

               total        used        free      shared  buff/cache   available
Mem:            7824        1552        4575          67        1695        5958
Swap:              0           0           0
+-------------------------------+

Memory Usage Log for Mon Oct  3 11:00:01 AM WAT 2022
+-------------------------------+

               total        used        free      shared  buff/cache   available
Mem:            7824        3283         362         251        4178        3999
Swap:              0           0           0
+-------------------------------+

Memory Usage Log for Mon Oct  3 12:00:01 PM WAT 2022
+-------------------------------+

               total        used        free      shared  buff/cache   available
Mem:            7824        3096         246         313        4480        4120
Swap:              0           0           0
+-------------------------------+

Memory Usage Log for Mon Oct  3 01:00:01 PM WAT 2022
+-------------------------------+

               total        used        free      shared  buff/cache   available
Mem:            7824        2997         370         291        4456        4245
Swap:              0           0           0
+-------------------------------+

Memory Usage Log for Mon Oct  3 02:00:01 PM WAT 2022
+-------------------------------+

               total        used        free      shared  buff/cache   available
Mem:            7824        3344         346         309        4132        3877
Swap:              0           0           0
+-------------------------------+

Memory Usage Log for Mon Oct  3 03:00:02 PM WAT 2022
+-------------------------------+

               total        used        free      shared  buff/cache   available
Mem:            7824        3181        1535         265        3107        4082
Swap:              0           0           0
+-------------------------------+

Memory Usage Log for Mon Oct  3 08:00:02 PM WAT 2022
+-------------------------------+

               total        used        free      shared  buff/cache   available
Mem:            7824        4689         214         409        2919        2389
Swap:              0           0           0
+-------------------------------+

Memory Usage Log for Mon Oct  3 09:00:01 PM WAT 2022
+-------------------------------+

               total        used        free      shared  buff/cache   available
Mem:            7824        5328         147         431        2348        1772
Swap:              0           0           0
+-------------------------------+

Memory Usage Log for Tue Oct  4 09:00:02 AM WAT 2022
+-------------------------------+

               total        used        free      shared  buff/cache   available
Mem:            7824        3240         188         275        4395        4017
Swap:              0           0           0
+-------------------------------+

Memory Usage Log for Tue Oct  4 10:00:01 AM WAT 2022
+-------------------------------+

               total        used        free      shared  buff/cache   available
Mem:            7824        2673         361         242        4789        4618
Swap:              0           0           0
+-------------------------------+

Memory Usage Log for Tue Oct  4 11:00:01 AM WAT 2022
+-------------------------------+

               total        used        free      shared  buff/cache   available
Mem:            7824        2962         458         241        4403        4329
Swap:              0           0           0
+-------------------------------+

Memory Usage Log for Tue Oct  4 12:00:02 PM WAT 2022
+-------------------------------+

               total        used        free      shared  buff/cache   available
Mem:            7824        3938         405         334        3480        3260
Swap:              0           0           0
+-------------------------------+

Memory Usage Log for Tue Oct  4 01:00:01 PM WAT 2022
+-------------------------------+

               total        used        free      shared  buff/cache   available
Mem:            7824        3314         843         327        3666        3891
Swap:              0           0           0
+-------------------------------+

Memory Usage Log for Tue Oct  4 02:00:01 PM WAT 2022
+-------------------------------+

               total        used        free      shared  buff/cache   available
Mem:            7824        3513         449         386        3861        3634
Swap:              0           0           0
+-------------------------------+

Memory Usage Log for Tue Oct  4 03:00:01 PM WAT 2022
+-------------------------------+

               total        used        free      shared  buff/cache   available
Mem:            7824        3368         274         338        4180        3823
Swap:              0           0           0
+-------------------------------+

Memory Usage Log for Tue Oct  4 04:00:01 PM WAT 2022
+-------------------------------+

               total        used        free      shared  buff/cache   available
Mem:            7824        3479         156         343        4188        3710
Swap:              0           0           0
+-------------------------------+

Memory Usage Log for Tue Oct  4 05:00:01 PM WAT 2022
+-------------------------------+

               total        used        free      shared  buff/cache   available
Mem:            7824        3929         691         584        3203        2987
Swap:              0           0           0
+-------------------------------+

Memory Usage Log for Tue Oct  4 08:00:01 PM WAT 2022
+-------------------------------+

               total        used        free      shared  buff/cache   available
Mem:            7824        3298         810         314        3715        3920
Swap:              0           0           0
+-------------------------------+

Memory Usage Log for Wed Oct  5 09:00:01 AM WAT 2022
+-------------------------------+

               total        used        free      shared  buff/cache   available
Mem:            7824        3474         366         217        3982        3842
Swap:              0           0           0
+-------------------------------+

Memory Usage Log for Wed Oct  5 10:00:01 AM WAT 2022
+-------------------------------+

               total        used        free      shared  buff/cache   available
Mem:            7824        3652         516         245        3655        3636
Swap:              0           0           0
+-------------------------------+

Memory Usage Log for Wed Oct  5 11:00:01 AM WAT 2022
+-------------------------------+

               total        used        free      shared  buff/cache   available
Mem:            7824        4169         552         266        3101        3095
Swap:              0           0           0
+-------------------------------+

Memory Usage Log for Wed Oct  5 12:00:01 PM WAT 2022
+-------------------------------+

               total        used        free      shared  buff/cache   available
Mem:            7824        4616         670         287        2537        2624
Swap:              0           0           0
+-------------------------------+

Memory Usage Log for Wed Oct  5 01:00:01 PM WAT 2022
+-------------------------------+

               total        used        free      shared  buff/cache   available
Mem:            7824        4649         505         304        2669        2540
Swap:              0           0           0
+-------------------------------+

Memory Usage Log for Wed Oct  5 02:00:01 PM WAT 2022
+-------------------------------+

               total        used        free      shared  buff/cache   available
Mem:            7824        4746         342         305        2734        2446
Swap:              0           0           0
+-------------------------------+

Memory Usage Log for Wed Oct  5 03:00:01 PM WAT 2022
+-------------------------------+

               total        used        free      shared  buff/cache   available
Mem:            7824        4826         554         307        2443        2397
Swap:              0           0           0
+-------------------------------+

Memory Usage Log for Wed Oct  5 04:00:01 PM WAT 2022
+-------------------------------+

               total        used        free      shared  buff/cache   available
Mem:            7824        5133         710         401        1979        1993
Swap:              0           0           0
+-------------------------------+

Memory Usage Log for Wed Oct  5 05:00:01 PM WAT 2022
+-------------------------------+

               total        used        free      shared  buff/cache   available
Mem:            7824        4497         945         406        2381        2624
Swap:              0           0           0
+-------------------------------+

Memory Usage Log for Wed Oct  5 06:00:01 PM WAT 2022
+-------------------------------+

               total        used        free      shared  buff/cache   available
Mem:            7824        4565         369         386        2888        2576
Swap:              0           0           0
+-------------------------------+

Memory Usage Log for Thu Oct  6 03:00:02 PM WAT 2022
+-------------------------------+

               total        used        free      shared  buff/cache   available
Mem:            7824        2351        2914         188        2558        5026
Swap:              0           0           0
+-------------------------------+

Memory Usage Log for Thu Oct  6 04:00:01 PM WAT 2022
+-------------------------------+

               total        used        free      shared  buff/cache   available
Mem:            7824        3182         368         212        4273        4146
Swap:              0           0           0
+-------------------------------+

Memory Usage Log for Thu Oct  6 05:00:01 PM WAT 2022
+-------------------------------+

               total        used        free      shared  buff/cache   available
Mem:            7824        3408         138         233        4276        3894
Swap:              0           0           0
+-------------------------------+

Memory Usage Log for Thu Oct  6 06:00:01 PM WAT 2022
+-------------------------------+

               total        used        free      shared  buff/cache   available
Mem:            7824        3268         839         358        3716        3891
Swap:              0           0           0
+-------------------------------+

Memory Usage Log for Fri Oct  7 09:00:01 AM WAT 2022
+-------------------------------+

               total        used        free      shared  buff/cache   available
Mem:            7824        4253         430         237        3139        3054
Swap:              0           0           0
+-------------------------------+

Memory Usage Log for Fri Oct  7 02:00:01 PM WAT 2022
+-------------------------------+

               total        used        free      shared  buff/cache   available
Mem:            7824        1580        4291         200        1952        5786
Swap:              0           0           0
+-------------------------------+

Memory Usage Log for Fri Oct  7 03:00:02 PM WAT 2022
+-------------------------------+

               total        used        free      shared  buff/cache   available
Mem:            7824        5213         152         299        2457        2018
Swap:              0           0           0
+-------------------------------+

